{"numTotalTestSuites":147,"numPassedTestSuites":75,"numFailedTestSuites":72,"numPendingTestSuites":0,"numTotalTests":159,"numPassedTests":159,"numFailedTests":0,"numPendingTests":0,"numTodoTests":0,"snapshot":{"added":0,"failure":false,"filesAdded":0,"filesRemoved":0,"filesRemovedList":[],"filesUnmatched":0,"filesUpdated":0,"matched":0,"total":0,"unchecked":0,"uncheckedKeysByFile":[],"unmatched":0,"updated":0,"didUpdate":false},"startTime":1760489231252,"success":false,"testResults":[{"assertionResults":[],"startTime":1760489231252,"endTime":1760489231252,"status":"failed","message":"Cannot find package '@/features/chatapps/chatapp/managers/chat' imported from '/Users/paul/Projects/buddy/apps/client/__tests__/integration/chatapp-communication.test.ts'","name":"/Users/paul/Projects/buddy/apps/client/__tests__/integration/chatapp-communication.test.ts"},{"assertionResults":[],"startTime":1760489231252,"endTime":1760489231252,"status":"failed","message":"Cannot find package '@/features/chatapps/chatapp/managers/chat' imported from '/Users/paul/Projects/buddy/apps/client/__tests__/integration/chatapp-error-handling.test.ts'","name":"/Users/paul/Projects/buddy/apps/client/__tests__/integration/chatapp-error-handling.test.ts"},{"assertionResults":[],"startTime":1760489231252,"endTime":1760489231252,"status":"failed","message":"Cannot find package '@/features/chatapps/managers/chatapps' imported from '/Users/paul/Projects/buddy/apps/client/__tests__/integration/chatapp-message-bus.test.ts'","name":"/Users/paul/Projects/buddy/apps/client/__tests__/integration/chatapp-message-bus.test.ts"},{"assertionResults":[],"startTime":1760489231252,"endTime":1760489231252,"status":"failed","message":"Cannot find package '@/features/chatapps/chatapp/managers/chat' imported from '/Users/paul/Projects/buddy/apps/client/__tests__/integration/chatapp-performance.test.ts'","name":"/Users/paul/Projects/buddy/apps/client/__tests__/integration/chatapp-performance.test.ts"},{"assertionResults":[],"startTime":1760489231252,"endTime":1760489231252,"status":"failed","message":"Cannot find package '@/managers/chat' imported from '/Users/paul/Projects/buddy/apps/client/__tests__/integration/chatapp-subscription-config.test.ts'","name":"/Users/paul/Projects/buddy/apps/client/__tests__/integration/chatapp-subscription-config.test.ts"},{"assertionResults":[],"startTime":1760489231252,"endTime":1760489231252,"status":"failed","message":"Cannot find package '@/managers/chat' imported from '/Users/paul/Projects/buddy/apps/client/__tests__/integration/chatapp-subscriptions.test.ts'","name":"/Users/paul/Projects/buddy/apps/client/__tests__/integration/chatapp-subscriptions.test.ts"},{"assertionResults":[],"startTime":1760489231252,"endTime":1760489231252,"status":"failed","message":"Cannot find module '../../src/managers/chat/service' imported from '/Users/paul/Projects/buddy/apps/client/__tests__/integration/command-driven-architecture.test.ts'","name":"/Users/paul/Projects/buddy/apps/client/__tests__/integration/command-driven-architecture.test.ts"},{"assertionResults":[],"startTime":1760489231252,"endTime":1760489231252,"status":"failed","message":"Cannot find module '../../src/components/workspace/service' imported from '/Users/paul/Projects/buddy/apps/client/__tests__/integration/component-command-integration.test.ts'","name":"/Users/paul/Projects/buddy/apps/client/__tests__/integration/component-command-integration.test.ts"},{"assertionResults":[{"ancestorTitles":["Queue-Stream Lifecycle Test"],"fullName":"Queue-Stream Lifecycle Test should handle queue/stream lifecycle exactly like WebSocketService","status":"passed","title":"should handle queue/stream lifecycle exactly like WebSocketService","duration":429.34745799999996,"failureMessages":[],"meta":{}},{"ancestorTitles":["Queue-Stream Lifecycle Test"],"fullName":"Queue-Stream Lifecycle Test should test concurrent queue operations like real browser","status":"passed","title":"should test concurrent queue operations like real browser","duration":505.16875000000005,"failureMessages":[],"meta":{}},{"ancestorTitles":["Queue-Stream Lifecycle Test"],"fullName":"Queue-Stream Lifecycle Test should test Effect.runSync timing like WebSocketService","status":"passed","title":"should test Effect.runSync timing like WebSocketService","duration":115.4085,"failureMessages":[],"meta":{}}],"startTime":1760489238183,"endTime":1760489239233.4084,"status":"passed","message":"","name":"/Users/paul/Projects/buddy/apps/client/__tests__/integration/queue-stream-lifecycle.test.ts"},{"assertionResults":[{"ancestorTitles":["Queue Stream Test"],"fullName":"Queue Stream Test should be able to add items to queue and read from stream","status":"passed","title":"should be able to add items to queue and read from stream","duration":8.208208000000013,"failureMessages":[],"meta":{}},{"ancestorTitles":["Queue Stream Test"],"fullName":"Queue Stream Test should be able to read from stream after adding items","status":"passed","title":"should be able to read from stream after adding items","duration":110.06508300000007,"failureMessages":[],"meta":{}}],"startTime":1760489238371,"endTime":1760489238489.0652,"status":"passed","message":"","name":"/Users/paul/Projects/buddy/apps/client/__tests__/integration/queue-stream-test.test.ts"},{"assertionResults":[{"ancestorTitles":["Stream.fromQueue Debug"],"fullName":"Stream.fromQueue Debug should consume messages from queue","status":"passed","title":"should consume messages from queue","duration":115.73587499999996,"failureMessages":[],"meta":{}},{"ancestorTitles":["Stream.fromQueue Debug"],"fullName":"Stream.fromQueue Debug should consume messages added after stream creation","status":"passed","title":"should consume messages added after stream creation","duration":257.068583,"failureMessages":[],"meta":{}}],"startTime":1760489238325,"endTime":1760489238698.0686,"status":"passed","message":"","name":"/Users/paul/Projects/buddy/apps/client/__tests__/integration/stream-debug.test.ts"},{"assertionResults":[{"ancestorTitles":["useChatLayout - Spaces Integration","Event Structure Validation"],"fullName":"useChatLayout - Spaces Integration Event Structure Validation validates expected event structure for space layout changes","status":"passed","title":"validates expected event structure for space layout changes","duration":0.9130420000000186,"failureMessages":[],"meta":{}},{"ancestorTitles":["useChatLayout - Spaces Integration","Event Structure Validation"],"fullName":"useChatLayout - Spaces Integration Event Structure Validation validates all expected layout actions","status":"passed","title":"validates all expected layout actions","duration":0.6632090000000517,"failureMessages":[],"meta":{}},{"ancestorTitles":["useChatLayout - Spaces Integration","Event Structure Validation"],"fullName":"useChatLayout - Spaces Integration Event Structure Validation validates space ID formats","status":"passed","title":"validates space ID formats","duration":3.8742920000000254,"failureMessages":[],"meta":{}},{"ancestorTitles":["useChatLayout - Spaces Integration","Event Naming Convention"],"fullName":"useChatLayout - Spaces Integration Event Naming Convention follows buddy namespace convention","status":"passed","title":"follows buddy namespace convention","duration":0.20054199999998445,"failureMessages":[],"meta":{}},{"ancestorTitles":["useChatLayout - Spaces Integration","Event Naming Convention"],"fullName":"useChatLayout - Spaces Integration Event Naming Convention uses consistent camelCase for event details","status":"passed","title":"uses consistent camelCase for event details","duration":0.35950000000002547,"failureMessages":[],"meta":{}},{"ancestorTitles":["useChatLayout - Spaces Integration","Layout Action Types"],"fullName":"useChatLayout - Spaces Integration Layout Action Types defines all required layout actions","status":"passed","title":"defines all required layout actions","duration":0.43608299999999645,"failureMessages":[],"meta":{}},{"ancestorTitles":["useChatLayout - Spaces Integration","Layout Action Types"],"fullName":"useChatLayout - Spaces Integration Layout Action Types ensures action names are consistent","status":"passed","title":"ensures action names are consistent","duration":0.23379099999999653,"failureMessages":[],"meta":{}},{"ancestorTitles":["useChatLayout - Spaces Integration","Space Integration Contract"],"fullName":"useChatLayout - Spaces Integration Space Integration Contract validates space-based event contract","status":"passed","title":"validates space-based event contract","duration":0.1109159999999747,"failureMessages":[],"meta":{}},{"ancestorTitles":["useChatLayout - Spaces Integration","Space Integration Contract"],"fullName":"useChatLayout - Spaces Integration Space Integration Contract handles edge cases for space IDs","status":"passed","title":"handles edge cases for space IDs","duration":0.24354199999999082,"failureMessages":[],"meta":{}},{"ancestorTitles":["useChatLayout - Spaces Integration","Type Safety Validation"],"fullName":"useChatLayout - Spaces Integration Type Safety Validation ensures type safety for event structures","status":"passed","title":"ensures type safety for event structures","duration":0.16037500000004457,"failureMessages":[],"meta":{}}],"startTime":1760489239285,"endTime":1760489239293.2437,"status":"passed","message":"","name":"/Users/paul/Projects/buddy/apps/client/_archived/legacy-hooks/__tests__/useChatLayout.spaces.test.ts"},{"assertionResults":[{"ancestorTitles":["useChatLayout Core Logic","Storage Key Generation"],"fullName":"useChatLayout Core Logic Storage Key Generation should generate correct storage key for chat ID","status":"passed","title":"should generate correct storage key for chat ID","duration":0.9394999999999527,"failureMessages":[],"meta":{}},{"ancestorTitles":["useChatLayout Core Logic","Storage Key Generation"],"fullName":"useChatLayout Core Logic Storage Key Generation should handle special characters in chat ID","status":"passed","title":"should handle special characters in chat ID","duration":0.21945800000003146,"failureMessages":[],"meta":{}},{"ancestorTitles":["useChatLayout Core Logic","Initial State Loading"],"fullName":"useChatLayout Core Logic Initial State Loading should return false when no storage value exists","status":"passed","title":"should return false when no storage value exists","duration":0.136792000000014,"failureMessages":[],"meta":{}},{"ancestorTitles":["useChatLayout Core Logic","Initial State Loading"],"fullName":"useChatLayout Core Logic Initial State Loading should return true when storage value is '1'","status":"passed","title":"should return true when storage value is '1'","duration":0.0660829999999919,"failureMessages":[],"meta":{}},{"ancestorTitles":["useChatLayout Core Logic","Initial State Loading"],"fullName":"useChatLayout Core Logic Initial State Loading should return false when storage value is not '1'","status":"passed","title":"should return false when storage value is not '1'","duration":0.12312499999995907,"failureMessages":[],"meta":{}},{"ancestorTitles":["useChatLayout Core Logic","Initial State Loading"],"fullName":"useChatLayout Core Logic Initial State Loading should handle different chat IDs independently","status":"passed","title":"should handle different chat IDs independently","duration":0.16724999999996726,"failureMessages":[],"meta":{}},{"ancestorTitles":["useChatLayout Core Logic","Storage Updates"],"fullName":"useChatLayout Core Logic Storage Updates should set storage to '1' when expanded","status":"passed","title":"should set storage to '1' when expanded","duration":0.07570900000001757,"failureMessages":[],"meta":{}},{"ancestorTitles":["useChatLayout Core Logic","Storage Updates"],"fullName":"useChatLayout Core Logic Storage Updates should remove storage when collapsed","status":"passed","title":"should remove storage when collapsed","duration":0.07149999999995771,"failureMessages":[],"meta":{}},{"ancestorTitles":["useChatLayout Core Logic","Storage Updates"],"fullName":"useChatLayout Core Logic Storage Updates should handle multiple chat storage independently","status":"passed","title":"should handle multiple chat storage independently","duration":0.0885420000000181,"failureMessages":[],"meta":{}},{"ancestorTitles":["useChatLayout Core Logic","Layout Manager"],"fullName":"useChatLayout Core Logic Layout Manager should initialize with correct state from storage","status":"passed","title":"should initialize with correct state from storage","duration":0.1642079999999737,"failureMessages":[],"meta":{}},{"ancestorTitles":["useChatLayout Core Logic","Layout Manager"],"fullName":"useChatLayout Core Logic Layout Manager should expand and update storage","status":"passed","title":"should expand and update storage","duration":0.11100000000004684,"failureMessages":[],"meta":{}},{"ancestorTitles":["useChatLayout Core Logic","Layout Manager"],"fullName":"useChatLayout Core Logic Layout Manager should collapse and remove from storage","status":"passed","title":"should collapse and remove from storage","duration":1.0108749999999986,"failureMessages":[],"meta":{}},{"ancestorTitles":["useChatLayout Core Logic","Layout Manager"],"fullName":"useChatLayout Core Logic Layout Manager should toggle state correctly","status":"passed","title":"should toggle state correctly","duration":0.30887500000000045,"failureMessages":[],"meta":{}},{"ancestorTitles":["useChatLayout Core Logic","Layout Manager"],"fullName":"useChatLayout Core Logic Layout Manager should reset state when chat ID changes","status":"passed","title":"should reset state when chat ID changes","duration":0.7350000000000136,"failureMessages":[],"meta":{}},{"ancestorTitles":["useChatLayout Core Logic","Edge Cases"],"fullName":"useChatLayout Core Logic Edge Cases should handle empty chat ID","status":"passed","title":"should handle empty chat ID","duration":0.10116600000003473,"failureMessages":[],"meta":{}},{"ancestorTitles":["useChatLayout Core Logic","Edge Cases"],"fullName":"useChatLayout Core Logic Edge Cases should handle very long chat IDs","status":"passed","title":"should handle very long chat IDs","duration":0.14104199999997036,"failureMessages":[],"meta":{}},{"ancestorTitles":["useChatLayout Core Logic","Edge Cases"],"fullName":"useChatLayout Core Logic Edge Cases should handle rapid state changes","status":"passed","title":"should handle rapid state changes","duration":0.11916700000000446,"failureMessages":[],"meta":{}},{"ancestorTitles":["useChatLayout Core Logic","Edge Cases"],"fullName":"useChatLayout Core Logic Edge Cases should maintain state consistency across multiple managers","status":"passed","title":"should maintain state consistency across multiple managers","duration":0.08495799999997189,"failureMessages":[],"meta":{}},{"ancestorTitles":["useChatLayout Core Logic","Performance"],"fullName":"useChatLayout Core Logic Performance should handle storage operations efficiently","status":"passed","title":"should handle storage operations efficiently","duration":1.0087499999999636,"failureMessages":[],"meta":{}}],"startTime":1760489238804,"endTime":1760489238810.0088,"status":"passed","message":"","name":"/Users/paul/Projects/buddy/apps/client/_archived/legacy-hooks/__tests__/useChatLayout.test.ts"},{"assertionResults":[],"startTime":1760489231252,"endTime":1760489231252,"status":"failed","message":"Cannot find package '@/managers/workspace-component' imported from '/Users/paul/Projects/buddy/apps/client/_archived/legacy-hooks/useWorkspace.ts'","name":"/Users/paul/Projects/buddy/apps/client/_archived/legacy-hooks/__tests__/useWorkspace.simple.test.ts"},{"assertionResults":[],"startTime":1760489231252,"endTime":1760489231252,"status":"failed","message":"Cannot find module '../../services/agent-registry' imported from '/Users/paul/Projects/buddy/apps/client/_archived/legacy-managers/agent-manager/service.ts'","name":"/Users/paul/Projects/buddy/apps/client/_archived/legacy-managers/agent-manager/__tests__/agent-lifecycle.test.ts"},{"assertionResults":[],"startTime":1760489231252,"endTime":1760489231252,"status":"failed","message":"Cannot find module '../../services/agent-registry' imported from '/Users/paul/Projects/buddy/apps/client/_archived/legacy-managers/agent-manager/service.ts'","name":"/Users/paul/Projects/buddy/apps/client/_archived/legacy-managers/agent-manager/__tests__/health-monitoring.test.ts"},{"assertionResults":[],"startTime":1760489231252,"endTime":1760489231252,"status":"failed","message":"Cannot find package '@/managers/workspace-component' imported from '/Users/paul/Projects/buddy/apps/client/_archived/legacy-managers/app-manager/service.ts'","name":"/Users/paul/Projects/buddy/apps/client/_archived/legacy-managers/app-manager/__tests__/chatapp-operations.test.ts"},{"assertionResults":[],"startTime":1760489231252,"endTime":1760489231252,"status":"failed","message":"Cannot find package '@/managers/workspace-component' imported from '/Users/paul/Projects/buddy/apps/client/_archived/legacy-managers/app-manager/service.ts'","name":"/Users/paul/Projects/buddy/apps/client/_archived/legacy-managers/app-manager/__tests__/workspace-operations.test.ts"},{"assertionResults":[],"startTime":1760489231252,"endTime":1760489231252,"status":"failed","message":"Cannot find module '../../services/agent-registry' imported from '/Users/paul/Projects/buddy/apps/client/_archived/legacy-managers/chat-manager/service.ts'","name":"/Users/paul/Projects/buddy/apps/client/_archived/legacy-managers/chat-manager/__tests__/agent-operations.test.ts"},{"assertionResults":[],"startTime":1760489231252,"endTime":1760489231252,"status":"failed","message":"Cannot find module '../../services/agent-registry' imported from '/Users/paul/Projects/buddy/apps/client/_archived/legacy-managers/chat-manager/service.ts'","name":"/Users/paul/Projects/buddy/apps/client/_archived/legacy-managers/chat-manager/__tests__/core-operations.test.ts"},{"assertionResults":[],"startTime":1760489231252,"endTime":1760489231252,"status":"failed","message":"Cannot find module '../../services/agent-registry' imported from '/Users/paul/Projects/buddy/apps/client/_archived/legacy-managers/chat-manager/service.ts'","name":"/Users/paul/Projects/buddy/apps/client/_archived/legacy-managers/chat-manager/__tests__/history-operations.test.ts"},{"assertionResults":[],"startTime":1760489231252,"endTime":1760489231252,"status":"failed","message":"Cannot find module '../../services/agent-registry' imported from '/Users/paul/Projects/buddy/apps/client/_archived/legacy-managers/chat-manager/service.ts'","name":"/Users/paul/Projects/buddy/apps/client/_archived/legacy-managers/chat-manager/__tests__/lifecycle-operations.test.ts"},{"assertionResults":[],"startTime":1760489231252,"endTime":1760489231252,"status":"failed","message":"Cannot find module '../../services/agent-registry' imported from '/Users/paul/Projects/buddy/apps/client/_archived/legacy-managers/chat-manager/service.ts'","name":"/Users/paul/Projects/buddy/apps/client/_archived/legacy-managers/chat-manager/__tests__/message-operations.test.ts"},{"assertionResults":[],"startTime":1760489231252,"endTime":1760489231252,"status":"failed","message":"Cannot find module '../../components-v2/chatapp' imported from '/Users/paul/Projects/buddy/apps/client/_archived/legacy-managers/chat-apps-manager/service.ts'","name":"/Users/paul/Projects/buddy/apps/client/_archived/legacy-managers/chat-apps-manager/__tests__/capacity-management.test.ts"},{"assertionResults":[],"startTime":1760489231252,"endTime":1760489231252,"status":"failed","message":"Cannot find module '../../components-v2/chatapp' imported from '/Users/paul/Projects/buddy/apps/client/_archived/legacy-managers/chat-apps-manager/service.ts'","name":"/Users/paul/Projects/buddy/apps/client/_archived/legacy-managers/chat-apps-manager/__tests__/core-operations.test.ts"},{"assertionResults":[],"startTime":1760489231252,"endTime":1760489231252,"status":"failed","message":"Cannot find module '../../components-v2/chatapp' imported from '/Users/paul/Projects/buddy/apps/client/_archived/legacy-managers/chat-apps-manager/service.ts'","name":"/Users/paul/Projects/buddy/apps/client/_archived/legacy-managers/chat-apps-manager/__tests__/focus-mode.test.ts"},{"assertionResults":[],"startTime":1760489231252,"endTime":1760489231252,"status":"failed","message":"Cannot find module '../../components-v2/chatapp' imported from '/Users/paul/Projects/buddy/apps/client/_archived/legacy-managers/chat-apps-manager/service.ts'","name":"/Users/paul/Projects/buddy/apps/client/_archived/legacy-managers/chat-apps-manager/__tests__/state-management.test.ts"},{"assertionResults":[{"ancestorTitles":["useApplyChatContainerStyle Core Logic","CSS Variable Generation"],"fullName":"useApplyChatContainerStyle Core Logic CSS Variable Generation should generate all CSS variables for complete style","status":"passed","title":"should generate all CSS variables for complete style","duration":1.4628749999999968,"failureMessages":[],"meta":{}},{"ancestorTitles":["useApplyChatContainerStyle Core Logic","CSS Variable Generation"],"fullName":"useApplyChatContainerStyle Core Logic CSS Variable Generation should return empty object for undefined style","status":"passed","title":"should return empty object for undefined style","duration":0.33566600000000335,"failureMessages":[],"meta":{}},{"ancestorTitles":["useApplyChatContainerStyle Core Logic","CSS Variable Generation"],"fullName":"useApplyChatContainerStyle Core Logic CSS Variable Generation should use fallback values for missing properties","status":"passed","title":"should use fallback values for missing properties","duration":0.15491700000001174,"failureMessages":[],"meta":{}},{"ancestorTitles":["useApplyChatContainerStyle Core Logic","CSS Variable Generation"],"fullName":"useApplyChatContainerStyle Core Logic CSS Variable Generation should handle missing sections gracefully","status":"passed","title":"should handle missing sections gracefully","duration":0.1103329999999687,"failureMessages":[],"meta":{}},{"ancestorTitles":["useApplyChatContainerStyle Core Logic","CSS Variable Generation"],"fullName":"useApplyChatContainerStyle Core Logic CSS Variable Generation should handle missing nested properties","status":"passed","title":"should handle missing nested properties","duration":0.17599999999998772,"failureMessages":[],"meta":{}},{"ancestorTitles":["useApplyChatContainerStyle Core Logic","CSS Variable Validation"],"fullName":"useApplyChatContainerStyle Core Logic CSS Variable Validation should validate correct CSS variables","status":"passed","title":"should validate correct CSS variables","duration":0.09600000000000364,"failureMessages":[],"meta":{}},{"ancestorTitles":["useApplyChatContainerStyle Core Logic","CSS Variable Validation"],"fullName":"useApplyChatContainerStyle Core Logic CSS Variable Validation should reject invalid CSS variable names","status":"passed","title":"should reject invalid CSS variable names","duration":0.07379099999997152,"failureMessages":[],"meta":{}},{"ancestorTitles":["useApplyChatContainerStyle Core Logic","CSS Variable Validation"],"fullName":"useApplyChatContainerStyle Core Logic CSS Variable Validation should reject invalid CSS variable values","status":"passed","title":"should reject invalid CSS variable values","duration":0.1516250000000241,"failureMessages":[],"meta":{}},{"ancestorTitles":["useApplyChatContainerStyle Core Logic","Style Section Extraction"],"fullName":"useApplyChatContainerStyle Core Logic Style Section Extraction should extract existing style sections","status":"passed","title":"should extract existing style sections","duration":0.10837500000002365,"failureMessages":[],"meta":{}},{"ancestorTitles":["useApplyChatContainerStyle Core Logic","Style Section Extraction"],"fullName":"useApplyChatContainerStyle Core Logic Style Section Extraction should return null for undefined style","status":"passed","title":"should return null for undefined style","duration":0.14691700000003038,"failureMessages":[],"meta":{}},{"ancestorTitles":["useApplyChatContainerStyle Core Logic","Style Section Extraction"],"fullName":"useApplyChatContainerStyle Core Logic Style Section Extraction should return null for missing sections","status":"passed","title":"should return null for missing sections","duration":0.07149999999995771,"failureMessages":[],"meta":{}},{"ancestorTitles":["useApplyChatContainerStyle Core Logic","Edge Cases"],"fullName":"useApplyChatContainerStyle Core Logic Edge Cases should handle empty style object","status":"passed","title":"should handle empty style object","duration":0.6629580000000033,"failureMessages":[],"meta":{}},{"ancestorTitles":["useApplyChatContainerStyle Core Logic","Edge Cases"],"fullName":"useApplyChatContainerStyle Core Logic Edge Cases should handle style with null values","status":"passed","title":"should handle style with null values","duration":0.33299999999997,"failureMessages":[],"meta":{}},{"ancestorTitles":["useApplyChatContainerStyle Core Logic","Edge Cases"],"fullName":"useApplyChatContainerStyle Core Logic Edge Cases should handle deeply nested missing properties","status":"passed","title":"should handle deeply nested missing properties","duration":0.2881250000000364,"failureMessages":[],"meta":{}},{"ancestorTitles":["useApplyChatContainerStyle Core Logic","Performance"],"fullName":"useApplyChatContainerStyle Core Logic Performance should generate CSS variables efficiently","status":"passed","title":"should generate CSS variables efficiently","duration":1.1130840000000148,"failureMessages":[],"meta":{}},{"ancestorTitles":["useApplyChatContainerStyle Core Logic","Performance"],"fullName":"useApplyChatContainerStyle Core Logic Performance should handle large style objects efficiently","status":"passed","title":"should handle large style objects efficiently","duration":0.2997919999999681,"failureMessages":[],"meta":{}}],"startTime":1760489238790,"endTime":1760489238796.2998,"status":"passed","message":"","name":"/Users/paul/Projects/buddy/apps/client/_archived/legacy-hooks/chat-style/__tests__/useApplyChatContainerStyle.test.ts"},{"assertionResults":[],"startTime":1760489231252,"endTime":1760489231252,"status":"failed","message":"Cannot find package '@/managers/agent-manager' imported from '/Users/paul/Projects/buddy/apps/client/_archived/legacy-managers/workspace-component/service.ts'","name":"/Users/paul/Projects/buddy/apps/client/_archived/legacy-managers/workspace-component/__tests__/service.test.ts"},{"assertionResults":[{"ancestorTitles":["AgentUrlService minimal integration"],"fullName":"AgentUrlService minimal integration should provide agentsPath and getAgentsPath via Effect","status":"passed","title":"should provide agentsPath and getAgentsPath via Effect","duration":8.031292000000008,"failureMessages":[],"meta":{}}],"startTime":1760489239385,"endTime":1760489239393.0312,"status":"passed","message":"","name":"/Users/paul/Projects/buddy/apps/client/_archived/legacy-services/agent-config/__tests__/AgentConfigService.test.ts"},{"assertionResults":[{"ancestorTitles":["AgentService"],"fullName":"AgentService should get all agents from the real file system","status":"passed","title":"should get all agents from the real file system","duration":26.279208000000153,"failureMessages":[],"meta":{}},{"ancestorTitles":["AgentService"],"fullName":"AgentService should get an agent by ID when it exists","status":"passed","title":"should get an agent by ID when it exists","duration":6.384999999999991,"failureMessages":[],"meta":{}},{"ancestorTitles":["AgentService"],"fullName":"AgentService should return undefined for a non-existent agent ID","status":"passed","title":"should return undefined for a non-existent agent ID","duration":8.113708999999972,"failureMessages":[],"meta":{}}],"startTime":1760489238827,"endTime":1760489238868.1138,"status":"passed","message":"","name":"/Users/paul/Projects/buddy/apps/client/_archived/legacy-services/agent/__tests__/AgentService.test.ts"},{"assertionResults":[],"startTime":1760489231252,"endTime":1760489231252,"status":"failed","message":"Cannot find package '@/services/agent-registry' imported from '/Users/paul/Projects/buddy/apps/client/_archived/legacy-services/chat/__tests__/ChatService.test.ts'","name":"/Users/paul/Projects/buddy/apps/client/_archived/legacy-services/chat/__tests__/ChatService.test.ts"},{"assertionResults":[{"ancestorTitles":["AgentEndpointResolverService","Service Structure"],"fullName":"AgentEndpointResolverService Service Structure should have a valid .Default layer","status":"passed","title":"should have a valid .Default layer","duration":0.9732089999999971,"failureMessages":[],"meta":{}},{"ancestorTitles":["AgentEndpointResolverService","Service Structure"],"fullName":"AgentEndpointResolverService Service Structure should be able to provide the service layer","status":"passed","title":"should be able to provide the service layer","duration":0.6194160000000011,"failureMessages":[],"meta":{}},{"ancestorTitles":["AgentEndpointResolverService","resolveEndpoint"],"fullName":"AgentEndpointResolverService resolveEndpoint should resolve endpoint for default agent","status":"passed","title":"should resolve endpoint for default agent","duration":0.13070799999991323,"failureMessages":[],"meta":{}},{"ancestorTitles":["AgentEndpointResolverService","resolveEndpoint"],"fullName":"AgentEndpointResolverService resolveEndpoint should resolve endpoint for business agent","status":"passed","title":"should resolve endpoint for business agent","duration":0.06333399999994072,"failureMessages":[],"meta":{}},{"ancestorTitles":["AgentEndpointResolverService","resolveEndpoint"],"fullName":"AgentEndpointResolverService resolveEndpoint should resolve endpoint for social agent","status":"passed","title":"should resolve endpoint for social agent","duration":0.04383299999994961,"failureMessages":[],"meta":{}},{"ancestorTitles":["AgentEndpointResolverService","resolveEndpoint"],"fullName":"AgentEndpointResolverService resolveEndpoint should use default endpoint for unknown agent","status":"passed","title":"should use default endpoint for unknown agent","duration":0.04224999999996726,"failureMessages":[],"meta":{}},{"ancestorTitles":["AgentEndpointResolverService","resolveEndpoint"],"fullName":"AgentEndpointResolverService resolveEndpoint should handle empty agent ID","status":"passed","title":"should handle empty agent ID","duration":0.043166000000042004,"failureMessages":[],"meta":{}},{"ancestorTitles":["AgentEndpointResolverService","resolveEndpoint"],"fullName":"AgentEndpointResolverService resolveEndpoint should handle empty chat ID","status":"passed","title":"should handle empty chat ID","duration":0.13104099999998198,"failureMessages":[],"meta":{}},{"ancestorTitles":["AgentEndpointResolverService","resolveEndpoint"],"fullName":"AgentEndpointResolverService resolveEndpoint should handle special characters in chat ID","status":"passed","title":"should handle special characters in chat ID","duration":0.1197500000000673,"failureMessages":[],"meta":{}},{"ancestorTitles":["AgentEndpointResolverService","resolveEndpoint"],"fullName":"AgentEndpointResolverService resolveEndpoint should handle special characters in agent ID","status":"passed","title":"should handle special characters in agent ID","duration":0.05741599999998925,"failureMessages":[],"meta":{}},{"ancestorTitles":["AgentEndpointResolverService","resolveEndpoint"],"fullName":"AgentEndpointResolverService resolveEndpoint should preserve existing path if it contains /chat","status":"passed","title":"should preserve existing path if it contains /chat","duration":0.12025000000005548,"failureMessages":[],"meta":{}},{"ancestorTitles":["AgentEndpointResolverService","resolveEndpoint"],"fullName":"AgentEndpointResolverService resolveEndpoint should handle very long chat ID","status":"passed","title":"should handle very long chat ID","duration":0.04025000000001455,"failureMessages":[],"meta":{}},{"ancestorTitles":["AgentEndpointResolverService","resolveEndpoint"],"fullName":"AgentEndpointResolverService resolveEndpoint should handle very long agent ID","status":"passed","title":"should handle very long agent ID","duration":0.0348749999999427,"failureMessages":[],"meta":{}},{"ancestorTitles":["AgentEndpointResolverService","resolveEndpoint"],"fullName":"AgentEndpointResolverService resolveEndpoint should handle numeric chat ID","status":"passed","title":"should handle numeric chat ID","duration":0.20799999999997,"failureMessages":[],"meta":{}},{"ancestorTitles":["AgentEndpointResolverService","resolveEndpoint"],"fullName":"AgentEndpointResolverService resolveEndpoint should handle numeric agent ID","status":"passed","title":"should handle numeric agent ID","duration":0.0494579999999587,"failureMessages":[],"meta":{}},{"ancestorTitles":["AgentEndpointResolverService","resolveEndpoint"],"fullName":"AgentEndpointResolverService resolveEndpoint should handle UUID-like IDs","status":"passed","title":"should handle UUID-like IDs","duration":0.033625000000029104,"failureMessages":[],"meta":{}},{"ancestorTitles":["AgentEndpointResolverService","resolveEndpoint"],"fullName":"AgentEndpointResolverService resolveEndpoint should handle multiple consecutive calls","status":"passed","title":"should handle multiple consecutive calls","duration":0.03466600000001563,"failureMessages":[],"meta":{}},{"ancestorTitles":["AgentEndpointResolverService","resolveEndpoint"],"fullName":"AgentEndpointResolverService resolveEndpoint should be deterministic for same inputs","status":"passed","title":"should be deterministic for same inputs","duration":0.027166999999963082,"failureMessages":[],"meta":{}},{"ancestorTitles":["AgentEndpointResolverService","URL construction edge cases"],"fullName":"AgentEndpointResolverService URL construction edge cases should handle whitespace in IDs","status":"passed","title":"should handle whitespace in IDs","duration":0.03354100000001381,"failureMessages":[],"meta":{}},{"ancestorTitles":["AgentEndpointResolverService","URL construction edge cases"],"fullName":"AgentEndpointResolverService URL construction edge cases should handle URL-unsafe characters","status":"passed","title":"should handle URL-unsafe characters","duration":0.029541999999992186,"failureMessages":[],"meta":{}}],"startTime":1760489239545,"endTime":1760489239549.0334,"status":"passed","message":"","name":"/Users/paul/Projects/buddy/apps/client/_archived/legacy-services/chat-runtime/__tests__/AgentEndpointResolverService.test.ts"},{"assertionResults":[{"ancestorTitles":["MdxService","Service Structure"],"fullName":"MdxService Service Structure should have a valid .Default layer","status":"passed","title":"should have a valid .Default layer","duration":0.9294999999999618,"failureMessages":[],"meta":{}},{"ancestorTitles":["MdxService","Service Structure"],"fullName":"MdxService Service Structure should be able to provide the service layer","status":"passed","title":"should be able to provide the service layer","duration":0.4684579999999414,"failureMessages":[],"meta":{}},{"ancestorTitles":["MdxService"],"fullName":"MdxService should compile simple markdown for llm-ui","status":"passed","title":"should compile simple markdown for llm-ui","duration":0.1279580000000351,"failureMessages":[],"meta":{}},{"ancestorTitles":["MdxService"],"fullName":"MdxService should parse frontmatter correctly for llm-ui","status":"passed","title":"should parse frontmatter correctly for llm-ui","duration":0.10424999999997908,"failureMessages":[],"meta":{}},{"ancestorTitles":["MdxService"],"fullName":"MdxService should handle empty content for llm-ui","status":"passed","title":"should handle empty content for llm-ui","duration":0.04195900000001984,"failureMessages":[],"meta":{}}],"startTime":1760489239692,"endTime":1760489239694.128,"status":"passed","message":"","name":"/Users/paul/Projects/buddy/apps/client/_archived/legacy-services/mdx/__tests__/MdxService.test.ts"},{"assertionResults":[],"startTime":1760489231252,"endTime":1760489231252,"status":"failed","message":"Cannot find package '@/hooks/useServiceLayer' imported from '/Users/paul/Projects/buddy/apps/client/_archived/legacy-services/layout/hooks.ts'","name":"/Users/paul/Projects/buddy/apps/client/_archived/legacy-services/layout/__tests__/service.test.ts"},{"assertionResults":[],"startTime":1760489231252,"endTime":1760489231252,"status":"failed","message":"Cannot find package '@/managers/workspace-component' imported from '/Users/paul/Projects/buddy/apps/client/_archived/legacy-services/workspace-llm/__tests__/service.test.ts'","name":"/Users/paul/Projects/buddy/apps/client/_archived/legacy-services/workspace-llm/__tests__/service.test.ts"},{"assertionResults":[{"ancestorTitles":["ChatService","Message Processing"],"fullName":"ChatService Message Processing should process valid message request","status":"passed","title":"should process valid message request","duration":7.322832999999946,"failureMessages":[],"meta":{}},{"ancestorTitles":["ChatService","Message Processing"],"fullName":"ChatService Message Processing should fail with invalid chat ID","status":"passed","title":"should fail with invalid chat ID","duration":1.7587499999999636,"failureMessages":[],"meta":{}},{"ancestorTitles":["ChatService","Message Processing"],"fullName":"ChatService Message Processing should fail with invalid message content","status":"passed","title":"should fail with invalid message content","duration":1.5250839999999926,"failureMessages":[],"meta":{}},{"ancestorTitles":["ChatService","Message Processing"],"fullName":"ChatService Message Processing should sanitize message content","status":"passed","title":"should sanitize message content","duration":2.265457999999967,"failureMessages":[],"meta":{}},{"ancestorTitles":["ChatService","Message Processing"],"fullName":"ChatService Message Processing should include metadata in response","status":"passed","title":"should include metadata in response","duration":2.3620409999999765,"failureMessages":[],"meta":{}},{"ancestorTitles":["ChatService","Message Validation"],"fullName":"ChatService Message Validation should validate valid message","status":"passed","title":"should validate valid message","duration":1.4333749999999554,"failureMessages":[],"meta":{}},{"ancestorTitles":["ChatService","Message Validation"],"fullName":"ChatService Message Validation should detect invalid message content","status":"passed","title":"should detect invalid message content","duration":1.2398749999999836,"failureMessages":[],"meta":{}},{"ancestorTitles":["ChatService","Message Validation"],"fullName":"ChatService Message Validation should detect whitespace issues","status":"passed","title":"should detect whitespace issues","duration":0.9226250000000391,"failureMessages":[],"meta":{}},{"ancestorTitles":["ChatService","Message Formatting"],"fullName":"ChatService Message Formatting should format message content","status":"passed","title":"should format message content","duration":0.7137079999999969,"failureMessages":[],"meta":{}},{"ancestorTitles":["ChatService","Message Formatting"],"fullName":"ChatService Message Formatting should preserve message properties","status":"passed","title":"should preserve message properties","duration":0.59962500000006,"failureMessages":[],"meta":{}},{"ancestorTitles":["ChatService","History Operations"],"fullName":"ChatService History Operations should load empty history","status":"passed","title":"should load empty history","duration":0.6046669999999494,"failureMessages":[],"meta":{}},{"ancestorTitles":["ChatService","History Operations"],"fullName":"ChatService History Operations should search history","status":"passed","title":"should search history","duration":1.2084580000000642,"failureMessages":[],"meta":{}},{"ancestorTitles":["ChatService","History Operations"],"fullName":"ChatService History Operations should export history","status":"passed","title":"should export history","duration":0.6092080000000806,"failureMessages":[],"meta":{}},{"ancestorTitles":["ChatService","Connection Operations"],"fullName":"ChatService Connection Operations should establish connection","status":"passed","title":"should establish connection","duration":0.6670829999999341,"failureMessages":[],"meta":{}},{"ancestorTitles":["ChatService","Connection Operations"],"fullName":"ChatService Connection Operations should test connection","status":"passed","title":"should test connection","duration":2.3267090000000508,"failureMessages":[],"meta":{}},{"ancestorTitles":["ChatService","Connection Operations"],"fullName":"ChatService Connection Operations should close connection","status":"passed","title":"should close connection","duration":0.6182499999999891,"failureMessages":[],"meta":{}},{"ancestorTitles":["ChatService","Agent Operations"],"fullName":"ChatService Agent Operations should switch agent","status":"passed","title":"should switch agent","duration":1.0178339999999935,"failureMessages":[],"meta":{}},{"ancestorTitles":["ChatService","Agent Operations"],"fullName":"ChatService Agent Operations should get agent capabilities","status":"passed","title":"should get agent capabilities","duration":0.9995830000000296,"failureMessages":[],"meta":{}},{"ancestorTitles":["ChatService","Agent Operations"],"fullName":"ChatService Agent Operations should validate agent config","status":"passed","title":"should validate agent config","duration":0.50912500000004,"failureMessages":[],"meta":{}},{"ancestorTitles":["ChatService","Agent Operations"],"fullName":"ChatService Agent Operations should detect invalid agent config","status":"passed","title":"should detect invalid agent config","duration":1.527249999999981,"failureMessages":[],"meta":{}},{"ancestorTitles":["ChatService","Batch Operations"],"fullName":"ChatService Batch Operations should process batch successfully","status":"passed","title":"should process batch successfully","duration":0.825917000000004,"failureMessages":[],"meta":{}},{"ancestorTitles":["ChatService","Batch Operations"],"fullName":"ChatService Batch Operations should handle batch with failures","status":"passed","title":"should handle batch with failures","duration":0.665540999999962,"failureMessages":[],"meta":{}},{"ancestorTitles":["ChatService","Batch Operations"],"fullName":"ChatService Batch Operations should validate batch messages","status":"passed","title":"should validate batch messages","duration":0.5369170000000167,"failureMessages":[],"meta":{}},{"ancestorTitles":["ChatService","Utility Operations"],"fullName":"ChatService Utility Operations should generate chat ID","status":"passed","title":"should generate chat ID","duration":0.49566700000002584,"failureMessages":[],"meta":{}},{"ancestorTitles":["ChatService","Utility Operations"],"fullName":"ChatService Utility Operations should generate message ID","status":"passed","title":"should generate message ID","duration":0.42066699999998036,"failureMessages":[],"meta":{}},{"ancestorTitles":["ChatService","Utility Operations"],"fullName":"ChatService Utility Operations should calculate metrics","status":"passed","title":"should calculate metrics","duration":0.5597500000000082,"failureMessages":[],"meta":{}},{"ancestorTitles":["ChatService","Content Processing"],"fullName":"ChatService Content Processing should process attachments","status":"passed","title":"should process attachments","duration":0.7967080000000806,"failureMessages":[],"meta":{}},{"ancestorTitles":["ChatService","Content Processing"],"fullName":"ChatService Content Processing should extract content from message","status":"passed","title":"should extract content from message","duration":0.6085829999999532,"failureMessages":[],"meta":{}},{"ancestorTitles":["ChatService","Content Processing"],"fullName":"ChatService Content Processing should sanitize content","status":"passed","title":"should sanitize content","duration":0.4210000000000491,"failureMessages":[],"meta":{}},{"ancestorTitles":["ChatService","Advanced Operations"],"fullName":"ChatService Advanced Operations should analyze conversation","status":"passed","title":"should analyze conversation","duration":1.3389170000000377,"failureMessages":[],"meta":{}},{"ancestorTitles":["ChatService","Advanced Operations"],"fullName":"ChatService Advanced Operations should suggest responses","status":"passed","title":"should suggest responses","duration":2.131917000000044,"failureMessages":[],"meta":{}},{"ancestorTitles":["ChatService","Advanced Operations"],"fullName":"ChatService Advanced Operations should detect intent","status":"passed","title":"should detect intent","duration":0.922458000000006,"failureMessages":[],"meta":{}},{"ancestorTitles":["ChatService","Service Monitoring"],"fullName":"ChatService Service Monitoring should get service health","status":"passed","title":"should get service health","duration":0.5461669999999685,"failureMessages":[],"meta":{}},{"ancestorTitles":["ChatService","Service Monitoring"],"fullName":"ChatService Service Monitoring should get service metrics","status":"passed","title":"should get service metrics","duration":0.4650419999999258,"failureMessages":[],"meta":{}},{"ancestorTitles":["ChatService","Service Monitoring"],"fullName":"ChatService Service Monitoring should reset service","status":"passed","title":"should reset service","duration":3.3591669999999567,"failureMessages":[],"meta":{}},{"ancestorTitles":["ChatService","Event Operations"],"fullName":"ChatService Event Operations should create event","status":"passed","title":"should create event","duration":0.5125839999999471,"failureMessages":[],"meta":{}},{"ancestorTitles":["ChatService","Event Operations"],"fullName":"ChatService Event Operations should process event","status":"passed","title":"should process event","duration":0.40858400000001893,"failureMessages":[],"meta":{}},{"ancestorTitles":["ChatService","Operation Tracking"],"fullName":"ChatService Operation Tracking should track operation","status":"passed","title":"should track operation","duration":0.372333000000026,"failureMessages":[],"meta":{}},{"ancestorTitles":["ChatService","Operation Tracking"],"fullName":"ChatService Operation Tracking should get operation status","status":"passed","title":"should get operation status","duration":0.570041999999944,"failureMessages":[],"meta":{}},{"ancestorTitles":["ChatService","Operation Tracking"],"fullName":"ChatService Operation Tracking should fail for non-existent operation","status":"passed","title":"should fail for non-existent operation","duration":0.5176659999999629,"failureMessages":[],"meta":{}}],"startTime":1760489238409,"endTime":1760489238457.5176,"status":"passed","message":"","name":"/Users/paul/Projects/buddy/apps/client/src/services/chat/__tests__/chat-service.test.ts"},{"assertionResults":[{"ancestorTitles":["ChatBridge","Core Bridge Operations"],"fullName":"ChatBridge Core Bridge Operations should initialize successfully","status":"passed","title":"should initialize successfully","duration":9.205749999999966,"failureMessages":[],"meta":{}},{"ancestorTitles":["ChatBridge","Core Bridge Operations"],"fullName":"ChatBridge Core Bridge Operations should start the bridge","status":"passed","title":"should start the bridge","duration":1.260582999999997,"failureMessages":[],"meta":{}},{"ancestorTitles":["ChatBridge","Core Bridge Operations"],"fullName":"ChatBridge Core Bridge Operations should stop the bridge","status":"passed","title":"should stop the bridge","duration":1.057207999999946,"failureMessages":[],"meta":{}},{"ancestorTitles":["ChatBridge","Core Bridge Operations"],"fullName":"ChatBridge Core Bridge Operations should restart the bridge","status":"passed","title":"should restart the bridge","duration":0.8572500000000218,"failureMessages":[],"meta":{}},{"ancestorTitles":["ChatBridge","Message Handling"],"fullName":"ChatBridge Message Handling should register a message handler","status":"passed","title":"should register a message handler","duration":0.9981669999999667,"failureMessages":[],"meta":{}},{"ancestorTitles":["ChatBridge","Message Handling"],"fullName":"ChatBridge Message Handling should send a message to registered handlers","status":"passed","title":"should send a message to registered handlers","duration":1.330500000000029,"failureMessages":[],"meta":{}},{"ancestorTitles":["ChatBridge","Message Handling"],"fullName":"ChatBridge Message Handling should fail to send message when bridge is not started","status":"passed","title":"should fail to send message when bridge is not started","duration":1.2848330000000487,"failureMessages":[],"meta":{}},{"ancestorTitles":["ChatBridge","Connection Management"],"fullName":"ChatBridge Connection Management should establish a connection","status":"passed","title":"should establish a connection","duration":0.8310000000000173,"failureMessages":[],"meta":{}},{"ancestorTitles":["ChatBridge","Connection Management"],"fullName":"ChatBridge Connection Management should get connection status","status":"passed","title":"should get connection status","duration":1.7960000000000491,"failureMessages":[],"meta":{}},{"ancestorTitles":["ChatBridge","Health and Monitoring"],"fullName":"ChatBridge Health and Monitoring should get health status","status":"passed","title":"should get health status","duration":1.222915999999941,"failureMessages":[],"meta":{}},{"ancestorTitles":["ChatBridge","Health and Monitoring"],"fullName":"ChatBridge Health and Monitoring should get metrics","status":"passed","title":"should get metrics","duration":0.7887079999999287,"failureMessages":[],"meta":{}},{"ancestorTitles":["ChatBridge","Health and Monitoring"],"fullName":"ChatBridge Health and Monitoring should ping successfully","status":"passed","title":"should ping successfully","duration":25.614958,"failureMessages":[],"meta":{}}],"startTime":1760489238443,"endTime":1760489238488.615,"status":"passed","message":"","name":"/Users/paul/Projects/buddy/apps/client/src/services/chatbridge/__tests__/chatbridge.test.ts"},{"assertionResults":[],"startTime":1760489231252,"endTime":1760489231252,"status":"failed","message":"Cannot find package '@/features/application/config/defaults' imported from '/Users/paul/Projects/buddy/apps/client/src/services/config/__tests__/config-service-e2e.test.ts'","name":"/Users/paul/Projects/buddy/apps/client/src/services/config/__tests__/config-service-e2e.test.ts"},{"assertionResults":[{"ancestorTitles":["ConfigService","Configuration Validation"],"fullName":"ConfigService Configuration Validation should validate valid configuration","status":"passed","title":"should validate valid configuration","duration":8.363917000000015,"failureMessages":[],"meta":{}},{"ancestorTitles":["ConfigService","Configuration Validation"],"fullName":"ConfigService Configuration Validation should detect missing required fields","status":"passed","title":"should detect missing required fields","duration":1.4260000000000446,"failureMessages":[],"meta":{}},{"ancestorTitles":["ConfigService","Configuration Validation"],"fullName":"ConfigService Configuration Validation should detect duplicate IDs when checking duplicates","status":"passed","title":"should detect duplicate IDs when checking duplicates","duration":0.8647920000000795,"failureMessages":[],"meta":{}},{"ancestorTitles":["ConfigService","Configuration Validation"],"fullName":"ConfigService Configuration Validation should detect invalid references when validating references","status":"passed","title":"should detect invalid references when validating references","duration":4.121333999999933,"failureMessages":[],"meta":{}},{"ancestorTitles":["ConfigService","Configuration Validation"],"fullName":"ConfigService Configuration Validation should provide suggestions for empty arrays","status":"passed","title":"should provide suggestions for empty arrays","duration":0.7028749999999491,"failureMessages":[],"meta":{}},{"ancestorTitles":["ConfigService","Configuration Merging"],"fullName":"ConfigService Configuration Merging should merge configurations with default strategy","status":"passed","title":"should merge configurations with default strategy","duration":0.7004160000000184,"failureMessages":[],"meta":{}},{"ancestorTitles":["ConfigService","Configuration Merging"],"fullName":"ConfigService Configuration Merging should merge configurations with replace strategy","status":"passed","title":"should merge configurations with replace strategy","duration":0.4642499999999927,"failureMessages":[],"meta":{}},{"ancestorTitles":["ConfigService","Configuration Merging"],"fullName":"ConfigService Configuration Merging should merge configurations with append strategy","status":"passed","title":"should merge configurations with append strategy","duration":0.5312079999999924,"failureMessages":[],"meta":{}},{"ancestorTitles":["ConfigService","Configuration Templates"],"fullName":"ConfigService Configuration Templates should create default configuration","status":"passed","title":"should create default configuration","duration":1.4010829999999714,"failureMessages":[],"meta":{}},{"ancestorTitles":["ConfigService","Configuration Templates"],"fullName":"ConfigService Configuration Templates should create default configuration with overrides","status":"passed","title":"should create default configuration with overrides","duration":0.6375830000000633,"failureMessages":[],"meta":{}},{"ancestorTitles":["ConfigService","Configuration Path Management"],"fullName":"ConfigService Configuration Path Management should set and get configuration path","status":"passed","title":"should set and get configuration path","duration":0.6884170000000722,"failureMessages":[],"meta":{}},{"ancestorTitles":["ConfigService","Configuration Export/Import"],"fullName":"ConfigService Configuration Export/Import should export configuration to JSON","status":"passed","title":"should export configuration to JSON","duration":0.3963330000000269,"failureMessages":[],"meta":{}},{"ancestorTitles":["ConfigService","Configuration Export/Import"],"fullName":"ConfigService Configuration Export/Import should import configuration from JSON","status":"passed","title":"should import configuration from JSON","duration":0.5471670000000586,"failureMessages":[],"meta":{}},{"ancestorTitles":["ConfigService","Configuration Reset"],"fullName":"ConfigService Configuration Reset should reset to defaults","status":"passed","title":"should reset to defaults","duration":0.7011250000000473,"failureMessages":[],"meta":{}},{"ancestorTitles":["ConfigService","Configuration Metadata"],"fullName":"ConfigService Configuration Metadata should get configuration metadata","status":"passed","title":"should get configuration metadata","duration":0.4701669999999467,"failureMessages":[],"meta":{}},{"ancestorTitles":["ConfigService","Configuration Metadata"],"fullName":"ConfigService Configuration Metadata should detect configuration version","status":"passed","title":"should detect configuration version","duration":0.41975000000002183,"failureMessages":[],"meta":{}},{"ancestorTitles":["ConfigService","Configuration Metadata"],"fullName":"ConfigService Configuration Metadata should migrate configuration","status":"passed","title":"should migrate configuration","duration":0.41716699999994944,"failureMessages":[],"meta":{}}],"startTime":1760489239183,"endTime":1760489239206.4172,"status":"passed","message":"","name":"/Users/paul/Projects/buddy/apps/client/src/services/config/__tests__/config-service.test.ts"},{"assertionResults":[],"startTime":1760489231252,"endTime":1760489231252,"status":"failed","message":"Cannot find package '@/features/application/manager/core/core/service' imported from '/Users/paul/Projects/buddy/apps/client/src/features/chatapps/manager/__tests__/chatapps-manager.test.ts'","name":"/Users/paul/Projects/buddy/apps/client/src/features/chatapps/manager/__tests__/chatapps-manager.test.ts"},{"assertionResults":[],"startTime":1760489231252,"endTime":1760489231252,"status":"failed","message":"Cannot find package '@/features/chatapps/manager/service' imported from '/Users/paul/Projects/buddy/apps/client/src/features/workspace/managers/__tests__/archived-demo.test.ts'","name":"/Users/paul/Projects/buddy/apps/client/src/features/workspace/managers/__tests__/archived-demo.test.ts"},{"assertionResults":[],"startTime":1760489231252,"endTime":1760489231252,"status":"failed","message":"Cannot find package '@/features/chatapps/manager/service' imported from '/Users/paul/Projects/buddy/apps/client/src/features/workspace/managers/__tests__/archived-state-transitions.test.ts'","name":"/Users/paul/Projects/buddy/apps/client/src/features/workspace/managers/__tests__/archived-state-transitions.test.ts"},{"assertionResults":[],"startTime":1760489231252,"endTime":1760489231252,"status":"failed","message":"Cannot find package '@/features/chatapps/manager/service' imported from '/Users/paul/Projects/buddy/apps/client/src/features/workspace/managers/__tests__/chat-app-state-transitions.test.ts'","name":"/Users/paul/Projects/buddy/apps/client/src/features/workspace/managers/__tests__/chat-app-state-transitions.test.ts"},{"assertionResults":[],"startTime":1760489231252,"endTime":1760489231252,"status":"failed","message":"Cannot find package '@/features/chatapps/manager/service' imported from '/Users/paul/Projects/buddy/apps/client/src/features/workspace/managers/__tests__/closed-demo.test.ts'","name":"/Users/paul/Projects/buddy/apps/client/src/features/workspace/managers/__tests__/closed-demo.test.ts"},{"assertionResults":[],"startTime":1760489231252,"endTime":1760489231252,"status":"failed","message":"Cannot find package '@/features/chatapps/manager/service' imported from '/Users/paul/Projects/buddy/apps/client/src/features/workspace/managers/__tests__/closed-state-transitions.test.ts'","name":"/Users/paul/Projects/buddy/apps/client/src/features/workspace/managers/__tests__/closed-state-transitions.test.ts"},{"assertionResults":[],"startTime":1760489231252,"endTime":1760489231252,"status":"failed","message":"Cannot find package '@/features/chatapps/manager/service' imported from '/Users/paul/Projects/buddy/apps/client/src/features/workspace/managers/__tests__/compact-demo.test.ts'","name":"/Users/paul/Projects/buddy/apps/client/src/features/workspace/managers/__tests__/compact-demo.test.ts"},{"assertionResults":[],"startTime":1760489231252,"endTime":1760489231252,"status":"failed","message":"Cannot find package '@/features/chatapps/manager/service' imported from '/Users/paul/Projects/buddy/apps/client/src/features/workspace/managers/__tests__/compact-state-transitions.test.ts'","name":"/Users/paul/Projects/buddy/apps/client/src/features/workspace/managers/__tests__/compact-state-transitions.test.ts"},{"assertionResults":[],"startTime":1760489231252,"endTime":1760489231252,"status":"failed","message":"Cannot find module '../../../managers/chatapps' imported from '/Users/paul/Projects/buddy/apps/client/src/features/workspace/managers/__tests__/workspace-component.test.ts'","name":"/Users/paul/Projects/buddy/apps/client/src/features/workspace/managers/__tests__/workspace-component.test.ts"},{"assertionResults":[],"startTime":1760489231252,"endTime":1760489231252,"status":"failed","message":"Cannot find module '../../../managers/chatapps' imported from '/Users/paul/Projects/buddy/apps/client/src/features/workspace/managers/__tests__/workspace-ui-rendering.test.ts'","name":"/Users/paul/Projects/buddy/apps/client/src/features/workspace/managers/__tests__/workspace-ui-rendering.test.ts"},{"assertionResults":[{"ancestorTitles":["CoreManager"],"fullName":"CoreManager should initialize successfully","status":"passed","title":"should initialize successfully","duration":7.367541999999958,"failureMessages":[],"meta":{}},{"ancestorTitles":["CoreManager"],"fullName":"CoreManager should start and stop correctly","status":"passed","title":"should start and stop correctly","duration":7.2493750000001,"failureMessages":[],"meta":{}},{"ancestorTitles":["CoreManager"],"fullName":"CoreManager should handle auto-start configuration","status":"passed","title":"should handle auto-start configuration","duration":3.5482500000000528,"failureMessages":[],"meta":{}},{"ancestorTitles":["CoreManager"],"fullName":"CoreManager should manage state correctly","status":"passed","title":"should manage state correctly","duration":1.933917000000065,"failureMessages":[],"meta":{}},{"ancestorTitles":["CoreManager"],"fullName":"CoreManager should handle subscriptions","status":"passed","title":"should handle subscriptions","duration":14.99933400000009,"failureMessages":[],"meta":{}},{"ancestorTitles":["CoreManager"],"fullName":"CoreManager should cleanup properly","status":"passed","title":"should cleanup properly","duration":1.3739170000000058,"failureMessages":[],"meta":{}}],"startTime":1760489239149,"endTime":1760489239185.374,"status":"passed","message":"","name":"/Users/paul/Projects/buddy/apps/client/src/features/application/manager/core/core/__tests__/core-manager.test.ts"},{"assertionResults":[],"startTime":1760489231252,"endTime":1760489231252,"status":"failed","message":"Cannot find package '@/features/application/manager/core/core/service' imported from '/Users/paul/Projects/buddy/apps/client/src/features/chatapps/features/chatapp/managers/__tests__/chat-manager.test.ts'","name":"/Users/paul/Projects/buddy/apps/client/src/features/chatapps/features/chatapp/managers/__tests__/chat-manager.test.ts"},{"assertionResults":[{"ancestorTitles":["ContextEngineeringManager Integration"],"fullName":"ContextEngineeringManager Integration should initialize and manage context elements","status":"passed","title":"should initialize and manage context elements","duration":18.21479199999999,"failureMessages":[],"meta":{}},{"ancestorTitles":["ContextEngineeringManager Integration"],"fullName":"ContextEngineeringManager Integration should handle element reordering","status":"passed","title":"should handle element reordering","duration":2.8589999999999236,"failureMessages":[],"meta":{}},{"ancestorTitles":["ContextEngineeringManager Integration"],"fullName":"ContextEngineeringManager Integration should validate elements correctly","status":"passed","title":"should validate elements correctly","duration":15.4314159999999,"failureMessages":[],"meta":{}}],"startTime":1760489238457,"endTime":1760489238494.4314,"status":"passed","message":"","name":"/Users/paul/Projects/buddy/apps/client/src/features/chatapps/features/chatapp/features/context-engineering/managers/__tests__/integration.test.ts"},{"assertionResults":[],"startTime":1760489231252,"endTime":1760489231252,"status":"failed","message":"runForRenderers is not defined","name":"/Users/paul/Projects/buddy/apps/client/node_modules/@testing-library/react-hooks/src/__tests__/asyncHook.fakeTimers.test.ts"},{"assertionResults":[],"startTime":1760489231252,"endTime":1760489231252,"status":"failed","message":"runForRenderers is not defined","name":"/Users/paul/Projects/buddy/apps/client/node_modules/@testing-library/react-hooks/src/__tests__/asyncHook.test.ts"},{"assertionResults":[],"startTime":1760489231252,"endTime":1760489231252,"status":"failed","message":"runForRenderers is not defined","name":"/Users/paul/Projects/buddy/apps/client/node_modules/@testing-library/react-hooks/src/__tests__/autoCleanup.disabled.test.ts"},{"assertionResults":[],"startTime":1760489231252,"endTime":1760489231252,"status":"failed","message":"runForRenderers is not defined","name":"/Users/paul/Projects/buddy/apps/client/node_modules/@testing-library/react-hooks/src/__tests__/autoCleanup.noAfterEach.test.ts"},{"assertionResults":[],"startTime":1760489231252,"endTime":1760489231252,"status":"failed","message":"runForRenderers is not defined","name":"/Users/paul/Projects/buddy/apps/client/node_modules/@testing-library/react-hooks/src/__tests__/autoCleanup.noProcessEnv.test.ts"},{"assertionResults":[],"startTime":1760489231252,"endTime":1760489231252,"status":"failed","message":"runForRenderers is not defined","name":"/Users/paul/Projects/buddy/apps/client/node_modules/@testing-library/react-hooks/src/__tests__/autoCleanup.pure.test.ts"},{"assertionResults":[],"startTime":1760489231252,"endTime":1760489231252,"status":"failed","message":"runForRenderers is not defined","name":"/Users/paul/Projects/buddy/apps/client/node_modules/@testing-library/react-hooks/src/__tests__/autoCleanup.test.ts"},{"assertionResults":[],"startTime":1760489231252,"endTime":1760489231252,"status":"failed","message":"runForLazyRenderers is not defined","name":"/Users/paul/Projects/buddy/apps/client/node_modules/@testing-library/react-hooks/src/__tests__/autoDetectRenderer.test.ts"},{"assertionResults":[],"startTime":1760489231252,"endTime":1760489231252,"status":"failed","message":"runForRenderers is not defined","name":"/Users/paul/Projects/buddy/apps/client/node_modules/@testing-library/react-hooks/src/__tests__/cleanup.test.ts"},{"assertionResults":[],"startTime":1760489231252,"endTime":1760489231252,"status":"failed","message":"runForRenderers is not defined","name":"/Users/paul/Projects/buddy/apps/client/node_modules/@testing-library/react-hooks/src/__tests__/customHook.test.ts"},{"assertionResults":[],"startTime":1760489231252,"endTime":1760489231252,"status":"failed","message":"runForRenderers is not defined","name":"/Users/paul/Projects/buddy/apps/client/node_modules/@testing-library/react-hooks/src/__tests__/errorHook.test.ts"},{"assertionResults":[],"startTime":1760489231252,"endTime":1760489231252,"status":"failed","message":"runForRenderers is not defined","name":"/Users/paul/Projects/buddy/apps/client/node_modules/@testing-library/react-hooks/src/__tests__/errorSuppression.disabled.test.ts"},{"assertionResults":[],"startTime":1760489231252,"endTime":1760489231252,"status":"failed","message":"runForRenderers is not defined","name":"/Users/paul/Projects/buddy/apps/client/node_modules/@testing-library/react-hooks/src/__tests__/errorSuppression.noAfterEach.test.ts"},{"assertionResults":[],"startTime":1760489231252,"endTime":1760489231252,"status":"failed","message":"runForRenderers is not defined","name":"/Users/paul/Projects/buddy/apps/client/node_modules/@testing-library/react-hooks/src/__tests__/errorSuppression.noBeforeEach.test.ts"},{"assertionResults":[],"startTime":1760489231252,"endTime":1760489231252,"status":"failed","message":"runForRenderers is not defined","name":"/Users/paul/Projects/buddy/apps/client/node_modules/@testing-library/react-hooks/src/__tests__/errorSuppression.noProcessEnv.test.ts"},{"assertionResults":[],"startTime":1760489231252,"endTime":1760489231252,"status":"failed","message":"runForRenderers is not defined","name":"/Users/paul/Projects/buddy/apps/client/node_modules/@testing-library/react-hooks/src/__tests__/errorSuppression.pure.test.ts"},{"assertionResults":[],"startTime":1760489231252,"endTime":1760489231252,"status":"failed","message":"runForRenderers is not defined","name":"/Users/paul/Projects/buddy/apps/client/node_modules/@testing-library/react-hooks/src/__tests__/errorSuppression.test.ts"},{"assertionResults":[],"startTime":1760489231252,"endTime":1760489231252,"status":"failed","message":"runForRenderers is not defined","name":"/Users/paul/Projects/buddy/apps/client/node_modules/@testing-library/react-hooks/src/__tests__/hydrationErrors.test.ts"},{"assertionResults":[],"startTime":1760489231252,"endTime":1760489231252,"status":"failed","message":"runForRenderers is not defined","name":"/Users/paul/Projects/buddy/apps/client/node_modules/@testing-library/react-hooks/src/__tests__/resultHistory.test.ts"},{"assertionResults":[],"startTime":1760489231252,"endTime":1760489231252,"status":"failed","message":"runForRenderers is not defined","name":"/Users/paul/Projects/buddy/apps/client/node_modules/@testing-library/react-hooks/src/__tests__/ssr.test.ts"},{"assertionResults":[],"startTime":1760489231252,"endTime":1760489231252,"status":"failed","message":"runForRenderers is not defined","name":"/Users/paul/Projects/buddy/apps/client/node_modules/@testing-library/react-hooks/src/__tests__/suspenseHook.test.ts"},{"assertionResults":[],"startTime":1760489231252,"endTime":1760489231252,"status":"passed","message":"","name":"/Users/paul/Projects/buddy/apps/client/node_modules/@testing-library/react-hooks/src/__tests__/useContext.test.tsx"},{"assertionResults":[],"startTime":1760489231252,"endTime":1760489231252,"status":"failed","message":"runForRenderers is not defined","name":"/Users/paul/Projects/buddy/apps/client/node_modules/@testing-library/react-hooks/src/__tests__/useEffect.test.ts"},{"assertionResults":[],"startTime":1760489231252,"endTime":1760489231252,"status":"failed","message":"runForRenderers is not defined","name":"/Users/paul/Projects/buddy/apps/client/node_modules/@testing-library/react-hooks/src/__tests__/useMemo.test.ts"},{"assertionResults":[],"startTime":1760489231252,"endTime":1760489231252,"status":"failed","message":"runForRenderers is not defined","name":"/Users/paul/Projects/buddy/apps/client/node_modules/@testing-library/react-hooks/src/__tests__/useReducer.test.ts"},{"assertionResults":[],"startTime":1760489231252,"endTime":1760489231252,"status":"failed","message":"runForRenderers is not defined","name":"/Users/paul/Projects/buddy/apps/client/node_modules/@testing-library/react-hooks/src/__tests__/useRef.test.ts"},{"assertionResults":[],"startTime":1760489231252,"endTime":1760489231252,"status":"failed","message":"runForRenderers is not defined","name":"/Users/paul/Projects/buddy/apps/client/node_modules/@testing-library/react-hooks/src/__tests__/useState.test.ts"},{"assertionResults":[],"startTime":1760489231252,"endTime":1760489231252,"status":"failed","message":"Cannot find package 'bun:test' imported from '/Users/paul/Projects/buddy/apps/client/node_modules/@testing-library/jest-dom/types/__tests__/bun/bun-custom-expect-types.test.ts'","name":"/Users/paul/Projects/buddy/apps/client/node_modules/@testing-library/jest-dom/types/__tests__/bun/bun-custom-expect-types.test.ts"},{"assertionResults":[],"startTime":1760489231252,"endTime":1760489231252,"status":"failed","message":"Cannot find package 'bun:test' imported from '/Users/paul/Projects/buddy/apps/client/node_modules/@testing-library/jest-dom/types/__tests__/bun/bun-types.test.ts'","name":"/Users/paul/Projects/buddy/apps/client/node_modules/@testing-library/jest-dom/types/__tests__/bun/bun-types.test.ts"},{"assertionResults":[],"startTime":1760489231252,"endTime":1760489231252,"status":"failed","message":"Cannot find package '@jest/globals' imported from '/Users/paul/Projects/buddy/apps/client/node_modules/@testing-library/jest-dom/types/__tests__/jest-globals/jest-globals-custom-expect-types.test.ts'","name":"/Users/paul/Projects/buddy/apps/client/node_modules/@testing-library/jest-dom/types/__tests__/jest-globals/jest-globals-custom-expect-types.test.ts"},{"assertionResults":[],"startTime":1760489231252,"endTime":1760489231252,"status":"failed","message":"Cannot find package '@jest/globals' imported from '/Users/paul/Projects/buddy/apps/client/node_modules/@testing-library/jest-dom/types/__tests__/jest-globals/jest-globals-types.test.ts'","name":"/Users/paul/Projects/buddy/apps/client/node_modules/@testing-library/jest-dom/types/__tests__/jest-globals/jest-globals-types.test.ts"},{"assertionResults":[],"startTime":1760489231252,"endTime":1760489231252,"status":"failed","message":"Cannot find module '../../matchers' imported from '/Users/paul/Projects/buddy/apps/client/node_modules/@testing-library/jest-dom/types/__tests__/vitest/vitest-custom-expect-types.test.ts'","name":"/Users/paul/Projects/buddy/apps/client/node_modules/@testing-library/jest-dom/types/__tests__/vitest/vitest-custom-expect-types.test.ts"},{"assertionResults":[],"startTime":1760489231252,"endTime":1760489231252,"status":"failed","message":"Cannot find module '../../vitest' imported from '/Users/paul/Projects/buddy/apps/client/node_modules/@testing-library/jest-dom/types/__tests__/vitest/vitest-types.test.ts'","name":"/Users/paul/Projects/buddy/apps/client/node_modules/@testing-library/jest-dom/types/__tests__/vitest/vitest-types.test.ts"},{"assertionResults":[],"startTime":1760489231252,"endTime":1760489231252,"status":"failed","message":"Cannot find module '../../matchers' imported from '/Users/paul/Projects/buddy/apps/client/node_modules/@testing-library/jest-dom/types/__tests__/jest/jest-custom-expect-types.test.ts'","name":"/Users/paul/Projects/buddy/apps/client/node_modules/@testing-library/jest-dom/types/__tests__/jest/jest-custom-expect-types.test.ts"},{"assertionResults":[],"startTime":1760489231252,"endTime":1760489231252,"status":"failed","message":"Cannot find module '../../jest' imported from '/Users/paul/Projects/buddy/apps/client/node_modules/@testing-library/jest-dom/types/__tests__/jest/jest-types.test.ts'","name":"/Users/paul/Projects/buddy/apps/client/node_modules/@testing-library/jest-dom/types/__tests__/jest/jest-types.test.ts"}]}